<?xml version="1.0" encoding="UTF-8"?>
<!-- Generated by org.testng.reporters.JUnitReportReporter -->
<testsuite hostname="DESKTOP-80OMUG7" failures="0" tests="1" name="com.actitime.testscript.CustomerModule" time="0.011" errors="0" timestamp="2023-08-26T12:23:50 IST" skipped="0">
  <testcase classname="com.actitime.testscript.CustomerModule" name="createCustomer" time="0.011">
    <system-out>
      <![CDATA[create customer]]>
    </system-out>
  </testcase> <!-- createCustomer -->
  <system-out>
    <![CDATA[create customer]]>
  </system-out>
</testsuite> <!-- com.actitime.testscript.CustomerModule -->
